Using pre-set license
Built from '2020.3/release' branch; Version is '2020.3.27f1 (e759542391ea) revision 15161684'; Using compiler version '192528614'; Build Type 'Release'
OS: 'Windows 10  (10.0.19042) 64bit Professional' Language: 'en' Physical Memory: 24491 MB
BatchMode: 1, IsHumanControllingUs: 0, StartBugReporterOnCrash: 0, Is64bit: 1, IsPro: 0

COMMAND LINE ARGUMENTS:
C:\Program Files\Unity\Hub\Editor\2020.3.27f1\Editor\Unity.exe
-adb2
-batchMode
-noUpm
-name
AssetImportWorker0
-projectPath
C:/Users/Jason/x91/CSCx91UnityTestProject/UnityEndlessRunner
-logFile
Logs/AssetImportWorker0.log
-srvPort
50118
Successfully changed project path to: C:/Users/Jason/x91/CSCx91UnityTestProject/UnityEndlessRunner
C:/Users/Jason/x91/CSCx91UnityTestProject/UnityEndlessRunner
Using Asset Import Pipeline V2.
Refreshing native plugins compatible for Editor in 26.31 ms, found 2 plugins.
Preloading 0 native plugins for Editor in 0.00 ms.
Initialize engine version: 2020.3.27f1 (e759542391ea)
[Subsystems] Discovering subsystems at path C:/Program Files/Unity/Hub/Editor/2020.3.27f1/Editor/Data/Resources/UnitySubsystems
[Subsystems] Discovering subsystems at path C:/Users/Jason/x91/CSCx91UnityTestProject/UnityEndlessRunner/Assets
GfxDevice: creating device client; threaded=0
Direct3D:
    Version:  Direct3D 11.0 [level 11.1]
    Renderer: NVIDIA GeForce RTX 2070 SUPER (ID=0x1e84)
    Vendor:   
    VRAM:     8011 MB
    Driver:   30.0.14.7196
Initialize mono
Mono path[0] = 'C:/Program Files/Unity/Hub/Editor/2020.3.27f1/Editor/Data/Managed'
Mono path[1] = 'C:/Program Files/Unity/Hub/Editor/2020.3.27f1/Editor/Data/MonoBleedingEdge/lib/mono/unityjit'
Mono config path = 'C:/Program Files/Unity/Hub/Editor/2020.3.27f1/Editor/Data/MonoBleedingEdge/etc'
Using monoOptions --debugger-agent=transport=dt_socket,embedding=1,server=y,suspend=n,address=127.0.0.1:56568
Begin MonoManager ReloadAssembly
Registering precompiled unity dll's ...
Register platform support module: C:/Program Files/Unity/Hub/Editor/2020.3.27f1/Editor/Data/PlaybackEngines/WindowsStandaloneSupport/UnityEditor.WindowsStandalone.Extensions.dll
Registered in 0.001527 seconds.
Native extension for WindowsStandalone target not found
Refreshing native plugins compatible for Editor in 25.59 ms, found 2 plugins.
Preloading 0 native plugins for Editor in 0.00 ms.
Mono: successfully reloaded assembly
- Completed reload, in  0.486 seconds
Domain Reload Profiling:
	ReloadAssembly (486ms)
		BeginReloadAssembly (53ms)
			ExecutionOrderSort (0ms)
			DisableScriptedObjects (0ms)
			BackupInstance (0ms)
			ReleaseScriptingObjects (0ms)
			CreateAndSetChildDomain (1ms)
		EndReloadAssembly (370ms)
			LoadAssemblies (52ms)
			RebuildTransferFunctionScriptingTraits (0ms)
			SetupTypeCache (127ms)
			ReleaseScriptCaches (0ms)
			RebuildScriptCaches (26ms)
			SetupLoadedEditorAssemblies (131ms)
				LogAssemblyErrors (0ms)
				InitializePlatformSupportModulesInManaged (4ms)
				SetLoadedEditorAssemblies (0ms)
				RefreshPlugins (26ms)
				BeforeProcessingInitializeOnLoad (7ms)
				ProcessInitializeOnLoadAttributes (70ms)
				ProcessInitializeOnLoadMethodAttributes (24ms)
				AfterProcessingInitializeOnLoad (0ms)
				EditorAssembliesLoaded (0ms)
			ExecutionOrderSort2 (0ms)
			AwakeInstancesAfterBackupRestoration (0ms)
Platform modules already initialized, skipping
Registering precompiled user dll's ...
Registered in 0.003204 seconds.
Begin MonoManager ReloadAssembly
Native extension for WindowsStandalone target not found
Refreshing native plugins compatible for Editor in 0.30 ms, found 2 plugins.
Preloading 0 native plugins for Editor in 0.00 ms.
Mono: successfully reloaded assembly
- Completed reload, in  0.822 seconds
Domain Reload Profiling:
	ReloadAssembly (822ms)
		BeginReloadAssembly (126ms)
			ExecutionOrderSort (0ms)
			DisableScriptedObjects (5ms)
			BackupInstance (0ms)
			ReleaseScriptingObjects (0ms)
			CreateAndSetChildDomain (17ms)
		EndReloadAssembly (645ms)
			LoadAssemblies (76ms)
			RebuildTransferFunctionScriptingTraits (0ms)
			SetupTypeCache (227ms)
			ReleaseScriptCaches (0ms)
			RebuildScriptCaches (34ms)
			SetupLoadedEditorAssemblies (240ms)
				LogAssemblyErrors (0ms)
				InitializePlatformSupportModulesInManaged (4ms)
				SetLoadedEditorAssemblies (0ms)
				RefreshPlugins (0ms)
				BeforeProcessingInitializeOnLoad (47ms)
				ProcessInitializeOnLoadAttributes (175ms)
				ProcessInitializeOnLoadMethodAttributes (9ms)
				AfterProcessingInitializeOnLoad (5ms)
				EditorAssembliesLoaded (0ms)
			ExecutionOrderSort2 (0ms)
			AwakeInstancesAfterBackupRestoration (5ms)
Platform modules already initialized, skipping
========================================================================
Worker process is ready to serve import requests
Launched and connected shader compiler UnityShaderCompiler.exe after 0.06 seconds
Refreshing native plugins compatible for Editor in 0.29 ms, found 2 plugins.
Preloading 0 native plugins for Editor in 0.00 ms.
Unloading 1512 Unused Serialized files (Serialized files now loaded: 0)
System memory in use before: 67.7 MB.
System memory in use after: 67.8 MB.

Unloading 19 unused Assets to reduce memory usage. Loaded Objects now: 1944.
Total: 2.703200 ms (FindLiveObjects: 0.150200 ms CreateObjectMapping: 0.048000 ms MarkObjects: 2.438300 ms  DeleteObjects: 0.065100 ms)

AssetImportParameters requested are different than current active one (requested -> active):
  custom:framework-win-MediaFoundation: 216162199b28c13a410421893ffa2e32 -> 
  custom:video-decoder-ogg-theora: a1e56fd34408186e4bbccfd4996cb3dc -> 
  custom:container-muxer-webm: aa71ff27fc2769a1b78a27578f13a17b -> 
  custom:container-demuxer-webm: 4f35f7cbe854078d1ac9338744f61a02 -> 
  custom:container-demuxer-ogg: 62fdf1f143b41e24485cea50d1cbac27 -> 
  custom:video-encoder-webm-vp8: eb34c28f22e8b96e1ab97ce403110664 -> 
  custom:video-decoder-webm-vp8: 9c59270c3fd7afecdb556c50c9e8de78 -> 
  custom:audio-decoder-ogg-vorbis: bf7c407c2cedff20999df2af8eb42d56 -> 
  custom:audio-encoder-webm-vorbis: bf7c407c2cedff20999df2af8eb42d56 -> 
========================================================================
Received Import Request.
  path: Assets/Prefabs/obs1.prefab
  artifactKey: Guid(c010ec58846800d3faf7571f66de9a6b) Importer(815301076,1909f56bfc062723c751e8b465ee728b)
Start importing Assets/Prefabs/obs1.prefab using Guid(c010ec58846800d3faf7571f66de9a6b) Importer(815301076,1909f56bfc062723c751e8b465ee728b)  -> (artifact id: '19367a568aff04db878bb4b160040177') in 0.286561 seconds 
  Import took 0.289974 seconds .

========================================================================
Received Import Request.
  Time since last request: 0.000223 seconds.
  path: Assets/Prefabs/obs4.prefab
  artifactKey: Guid(ef525f6635fea963b918674afb311c09) Importer(815301076,1909f56bfc062723c751e8b465ee728b)
Start importing Assets/Prefabs/obs4.prefab using Guid(ef525f6635fea963b918674afb311c09) Importer(815301076,1909f56bfc062723c751e8b465ee728b)  -> (artifact id: 'c2200dd10d87e1238ff2cb50752f0b99') in 0.047487 seconds 
  Import took 0.075272 seconds .

========================================================================
Received Import Request.
  Time since last request: 0.000165 seconds.
  path: Assets/Prefabs/obs6.prefab
  artifactKey: Guid(fd8e30644371392b48f114944842c41d) Importer(815301076,1909f56bfc062723c751e8b465ee728b)
Start importing Assets/Prefabs/obs6.prefab using Guid(fd8e30644371392b48f114944842c41d) Importer(815301076,1909f56bfc062723c751e8b465ee728b)  -> (artifact id: 'bc3738f2a4138162d44f143ae39ffffd') in 0.037602 seconds 
  Import took 0.056297 seconds .

========================================================================
Received Import Request.
  Time since last request: 0.000208 seconds.
  path: Assets/Prefabs/obs5.prefab
  artifactKey: Guid(38c9eb40e25645366a405a363c065c86) Importer(815301076,1909f56bfc062723c751e8b465ee728b)
Start importing Assets/Prefabs/obs5.prefab using Guid(38c9eb40e25645366a405a363c065c86) Importer(815301076,1909f56bfc062723c751e8b465ee728b)  -> (artifact id: '332a2972a515da7c738c5a227b94ebe5') in 0.039449 seconds 
  Import took 0.049822 seconds .

========================================================================
Received Import Request.
  Time since last request: 0.000334 seconds.
  path: Assets/Prefabs/basic ground.prefab
  artifactKey: Guid(6f163736fe674f640bce592407b8e3ca) Importer(815301076,1909f56bfc062723c751e8b465ee728b)
Start importing Assets/Prefabs/basic ground.prefab using Guid(6f163736fe674f640bce592407b8e3ca) Importer(815301076,1909f56bfc062723c751e8b465ee728b)  -> (artifact id: '902aef1541ffee85d1a2b661914eec54') in 0.027431 seconds 
  Import took 0.029917 seconds .

========================================================================
Received Import Request.
  Time since last request: 0.000176 seconds.
  path: Assets/Prefabs/obs2.prefab
  artifactKey: Guid(69fa1fd3fa0ba063882ede885d8597c7) Importer(815301076,1909f56bfc062723c751e8b465ee728b)
Start importing Assets/Prefabs/obs2.prefab using Guid(69fa1fd3fa0ba063882ede885d8597c7) Importer(815301076,1909f56bfc062723c751e8b465ee728b)  -> (artifact id: '1f3a8f1fa76de8d45a928672c435e8cb') in 0.050911 seconds 
  Import took 0.076193 seconds .

========================================================================
Received Import Request.
  Time since last request: 0.000240 seconds.
  path: Assets/Prefabs/obs3.prefab
  artifactKey: Guid(07456de7dffbe87648d24bb72150a3bd) Importer(815301076,1909f56bfc062723c751e8b465ee728b)
Start importing Assets/Prefabs/obs3.prefab using Guid(07456de7dffbe87648d24bb72150a3bd) Importer(815301076,1909f56bfc062723c751e8b465ee728b)  -> (artifact id: 'd100af3f4e6d20a45f28e8f7ffcbd3f5') in 0.030798 seconds 
  Import took 0.032992 seconds .

========================================================================
Received Prepare
Registering precompiled user dll's ...
Registered in 0.003226 seconds.
Begin MonoManager ReloadAssembly
Native extension for WindowsStandalone target not found
Refreshing native plugins compatible for Editor in 0.30 ms, found 2 plugins.
Preloading 0 native plugins for Editor in 0.00 ms.
Mono: successfully reloaded assembly
- Completed reload, in  0.775 seconds
Domain Reload Profiling:
	ReloadAssembly (775ms)
		BeginReloadAssembly (99ms)
			ExecutionOrderSort (0ms)
			DisableScriptedObjects (4ms)
			BackupInstance (0ms)
			ReleaseScriptingObjects (0ms)
			CreateAndSetChildDomain (30ms)
		EndReloadAssembly (625ms)
			LoadAssemblies (78ms)
			RebuildTransferFunctionScriptingTraits (0ms)
			SetupTypeCache (223ms)
			ReleaseScriptCaches (1ms)
			RebuildScriptCaches (31ms)
			SetupLoadedEditorAssemblies (226ms)
				LogAssemblyErrors (0ms)
				InitializePlatformSupportModulesInManaged (4ms)
				SetLoadedEditorAssemblies (0ms)
				RefreshPlugins (0ms)
				BeforeProcessingInitializeOnLoad (43ms)
				ProcessInitializeOnLoadAttributes (165ms)
				ProcessInitializeOnLoadMethodAttributes (8ms)
				AfterProcessingInitializeOnLoad (5ms)
				EditorAssembliesLoaded (0ms)
			ExecutionOrderSort2 (0ms)
			AwakeInstancesAfterBackupRestoration (5ms)
Platform modules already initialized, skipping
Refreshing native plugins compatible for Editor in 0.30 ms, found 2 plugins.
Preloading 0 native plugins for Editor in 0.00 ms.
Unloading 1506 Unused Serialized files (Serialized files now loaded: 0)
System memory in use before: 70.9 MB.
System memory in use after: 71.0 MB.

Unloading 15 unused Assets to reduce memory usage. Loaded Objects now: 1954.
Total: 2.349900 ms (FindLiveObjects: 0.133600 ms CreateObjectMapping: 0.048300 ms MarkObjects: 2.150100 ms  DeleteObjects: 0.016900 ms)

AssetImportParameters requested are different than current active one (requested -> active):
  custom:framework-win-MediaFoundation: 216162199b28c13a410421893ffa2e32 -> 
  custom:video-decoder-ogg-theora: a1e56fd34408186e4bbccfd4996cb3dc -> 
  custom:container-muxer-webm: aa71ff27fc2769a1b78a27578f13a17b -> 
  custom:container-demuxer-webm: 4f35f7cbe854078d1ac9338744f61a02 -> 
  custom:container-demuxer-ogg: 62fdf1f143b41e24485cea50d1cbac27 -> 
  custom:video-encoder-webm-vp8: eb34c28f22e8b96e1ab97ce403110664 -> 
  custom:video-decoder-webm-vp8: 9c59270c3fd7afecdb556c50c9e8de78 -> 
  custom:audio-decoder-ogg-vorbis: bf7c407c2cedff20999df2af8eb42d56 -> 
  custom:audio-encoder-webm-vorbis: bf7c407c2cedff20999df2af8eb42d56 -> 
========================================================================
Received Import Request.
  Time since last request: 486.213116 seconds.
  path: Assets/Prefabs
  artifactKey: Guid(b73277c57a5987024909c32af49ac350) Importer(815301076,1909f56bfc062723c751e8b465ee728b)
Start importing Assets/Prefabs using Guid(b73277c57a5987024909c32af49ac350) Importer(815301076,1909f56bfc062723c751e8b465ee728b)  -> (artifact id: 'a048f3251c6ebbd0cce6341fb1493da4') in 0.009110 seconds 
  Import took 0.019847 seconds .

========================================================================
Received Import Request.
  Time since last request: 6.663625 seconds.
  path: Assets/Prefabs/obs7.prefab
  artifactKey: Guid(d8e2f675755dbb64b80af0a5f6f2c902) Importer(815301076,1909f56bfc062723c751e8b465ee728b)
Start importing Assets/Prefabs/obs7.prefab using Guid(d8e2f675755dbb64b80af0a5f6f2c902) Importer(815301076,1909f56bfc062723c751e8b465ee728b)  -> (artifact id: 'a5e1c6508e0916f0e8a63cb84effbfdd') in 0.023914 seconds 
  Import took 0.027156 seconds .

========================================================================
Received Import Request.
  Time since last request: 3.444879 seconds.
  path: Assets/Prefabs/obs7.prefab
  artifactKey: Guid(d8e2f675755dbb64b80af0a5f6f2c902) Importer(815301076,1909f56bfc062723c751e8b465ee728b)
Start importing Assets/Prefabs/obs7.prefab using Guid(d8e2f675755dbb64b80af0a5f6f2c902) Importer(815301076,1909f56bfc062723c751e8b465ee728b)  -> (artifact id: 'd756e582614d1dfd31b535a27d67467a') in 0.035401 seconds 
  Import took 0.077947 seconds .

========================================================================
Received Import Request.
  Time since last request: 25.513998 seconds.
  path: Assets/Prefabs/obs7.prefab
  artifactKey: Guid(d8e2f675755dbb64b80af0a5f6f2c902) Importer(815301076,1909f56bfc062723c751e8b465ee728b)
Start importing Assets/Prefabs/obs7.prefab using Guid(d8e2f675755dbb64b80af0a5f6f2c902) Importer(815301076,1909f56bfc062723c751e8b465ee728b)  -> (artifact id: 'e905ee04787c54aecca13d03b952ceb1') in 0.014254 seconds 
  Import took 0.035289 seconds .

========================================================================
Received Import Request.
  Time since last request: 2.985884 seconds.
  path: Assets/Prefabs/obs7.prefab
  artifactKey: Guid(d8e2f675755dbb64b80af0a5f6f2c902) Importer(815301076,1909f56bfc062723c751e8b465ee728b)
Start importing Assets/Prefabs/obs7.prefab using Guid(d8e2f675755dbb64b80af0a5f6f2c902) Importer(815301076,1909f56bfc062723c751e8b465ee728b)  -> (artifact id: '5ecdf2d6c313743520a8adcd8a117de7') in 0.015583 seconds 
  Import took 0.031600 seconds .

========================================================================
Received Import Request.
  Time since last request: 1.158713 seconds.
  path: Assets/Prefabs/obs7.prefab
  artifactKey: Guid(d8e2f675755dbb64b80af0a5f6f2c902) Importer(815301076,1909f56bfc062723c751e8b465ee728b)
Start importing Assets/Prefabs/obs7.prefab using Guid(d8e2f675755dbb64b80af0a5f6f2c902) Importer(815301076,1909f56bfc062723c751e8b465ee728b)  -> (artifact id: '32e813750f3db08323b859603667a399') in 0.015492 seconds 
  Import took 0.017935 seconds .

========================================================================
Received Import Request.
  Time since last request: 7.650198 seconds.
  path: Assets/Prefabs/obs7.prefab
  artifactKey: Guid(d8e2f675755dbb64b80af0a5f6f2c902) Importer(815301076,1909f56bfc062723c751e8b465ee728b)
Start importing Assets/Prefabs/obs7.prefab using Guid(d8e2f675755dbb64b80af0a5f6f2c902) Importer(815301076,1909f56bfc062723c751e8b465ee728b)  -> (artifact id: '30290c37d9b11a6cb0adb75d116943c1') in 0.010769 seconds 
  Import took 0.013543 seconds .

========================================================================
Received Import Request.
  Time since last request: 15.703047 seconds.
  path: Assets/Prefabs/obs7.prefab
  artifactKey: Guid(d8e2f675755dbb64b80af0a5f6f2c902) Importer(815301076,1909f56bfc062723c751e8b465ee728b)
Start importing Assets/Prefabs/obs7.prefab using Guid(d8e2f675755dbb64b80af0a5f6f2c902) Importer(815301076,1909f56bfc062723c751e8b465ee728b)  -> (artifact id: 'b4db953a094e5c19b0d180f7678819cd') in 0.011563 seconds 
  Import took 0.014176 seconds .

========================================================================
Received Import Request.
  Time since last request: 4.221000 seconds.
  path: Assets/Prefabs/obs7.prefab
  artifactKey: Guid(d8e2f675755dbb64b80af0a5f6f2c902) Importer(815301076,1909f56bfc062723c751e8b465ee728b)
Start importing Assets/Prefabs/obs7.prefab using Guid(d8e2f675755dbb64b80af0a5f6f2c902) Importer(815301076,1909f56bfc062723c751e8b465ee728b)  -> (artifact id: '701a2adbe518d2f67bc285c4ead37710') in 0.011373 seconds 
  Import took 0.013854 seconds .

========================================================================
Received Import Request.
  Time since last request: 7.433840 seconds.
  path: Assets/Prefabs/obs7.prefab
  artifactKey: Guid(d8e2f675755dbb64b80af0a5f6f2c902) Importer(815301076,1909f56bfc062723c751e8b465ee728b)
Start importing Assets/Prefabs/obs7.prefab using Guid(d8e2f675755dbb64b80af0a5f6f2c902) Importer(815301076,1909f56bfc062723c751e8b465ee728b)  -> (artifact id: '0cdeb26237ba7fc25570fe9d234a7da7') in 0.012453 seconds 
  Import took 0.014861 seconds .

========================================================================
Received Import Request.
  Time since last request: 0.796758 seconds.
  path: Assets/Prefabs/obs7.prefab
  artifactKey: Guid(d8e2f675755dbb64b80af0a5f6f2c902) Importer(815301076,1909f56bfc062723c751e8b465ee728b)
Start importing Assets/Prefabs/obs7.prefab using Guid(d8e2f675755dbb64b80af0a5f6f2c902) Importer(815301076,1909f56bfc062723c751e8b465ee728b)  -> (artifact id: '029286395b3bb47ff6aeb4b14575497f') in 0.011688 seconds 
  Import took 0.014383 seconds .

========================================================================
Received Import Request.
  Time since last request: 8.057775 seconds.
  path: Assets/Prefabs/obs7.prefab
  artifactKey: Guid(d8e2f675755dbb64b80af0a5f6f2c902) Importer(815301076,1909f56bfc062723c751e8b465ee728b)
Start importing Assets/Prefabs/obs7.prefab using Guid(d8e2f675755dbb64b80af0a5f6f2c902) Importer(815301076,1909f56bfc062723c751e8b465ee728b)  -> (artifact id: 'c5eb983cd441fb78bfdcd0add56b6b5f') in 0.010989 seconds 
  Import took 0.026298 seconds .

========================================================================
Received Import Request.
  Time since last request: 9.472713 seconds.
  path: Assets/Prefabs/obs7.prefab
  artifactKey: Guid(d8e2f675755dbb64b80af0a5f6f2c902) Importer(815301076,1909f56bfc062723c751e8b465ee728b)
Start importing Assets/Prefabs/obs7.prefab using Guid(d8e2f675755dbb64b80af0a5f6f2c902) Importer(815301076,1909f56bfc062723c751e8b465ee728b)  -> (artifact id: '07729cba82fdd2ccc4d86e07f16954ba') in 0.011402 seconds 
  Import took 0.013987 seconds .

========================================================================
Received Import Request.
  Time since last request: 291.821166 seconds.
  path: Assets/Prefabs/obs8.prefab
  artifactKey: Guid(1151aeafcf997b24e90dbcdd8a036f5b) Importer(815301076,1909f56bfc062723c751e8b465ee728b)
Start importing Assets/Prefabs/obs8.prefab using Guid(1151aeafcf997b24e90dbcdd8a036f5b) Importer(815301076,1909f56bfc062723c751e8b465ee728b)  -> (artifact id: '012f23ab78b0aeaf71326b110316d52d') in 0.008358 seconds 
  Import took 0.011083 seconds .

========================================================================
Received Import Request.
  Time since last request: 10.842173 seconds.
  path: Assets/Prefabs/obs8.prefab
  artifactKey: Guid(1151aeafcf997b24e90dbcdd8a036f5b) Importer(815301076,1909f56bfc062723c751e8b465ee728b)
Start importing Assets/Prefabs/obs8.prefab using Guid(1151aeafcf997b24e90dbcdd8a036f5b) Importer(815301076,1909f56bfc062723c751e8b465ee728b)  -> (artifact id: 'dcae78a7fb90299bda64d40d05eb38a5') in 0.012078 seconds 
  Import took 0.014698 seconds .

========================================================================
Received Import Request.
  Time since last request: 72.942098 seconds.
  path: Assets/Prefabs/obs8.prefab
  artifactKey: Guid(1151aeafcf997b24e90dbcdd8a036f5b) Importer(815301076,1909f56bfc062723c751e8b465ee728b)
Start importing Assets/Prefabs/obs8.prefab using Guid(1151aeafcf997b24e90dbcdd8a036f5b) Importer(815301076,1909f56bfc062723c751e8b465ee728b)  -> (artifact id: '1ea6701f42bf0e0615a3f384294638b6') in 0.011682 seconds 
  Import took 0.051652 seconds .

========================================================================
Received Import Request.
  Time since last request: 41.022303 seconds.
  path: Assets/Prefabs/obs7 rot.prefab
  artifactKey: Guid(1151aeafcf997b24e90dbcdd8a036f5b) Importer(815301076,1909f56bfc062723c751e8b465ee728b)
Start importing Assets/Prefabs/obs7 rot.prefab using Guid(1151aeafcf997b24e90dbcdd8a036f5b) Importer(815301076,1909f56bfc062723c751e8b465ee728b)  -> (artifact id: '5fb2944adc261c0f62fdea041704a50d') in 0.014649 seconds 
  Import took 0.017046 seconds .

========================================================================
Received Import Request.
  Time since last request: 88.095590 seconds.
  path: Assets/Prefabs/obs1 rot.prefab
  artifactKey: Guid(e24fe87ff9bb8ec43990d5c4c1a6896d) Importer(815301076,1909f56bfc062723c751e8b465ee728b)
Start importing Assets/Prefabs/obs1 rot.prefab using Guid(e24fe87ff9bb8ec43990d5c4c1a6896d) Importer(815301076,1909f56bfc062723c751e8b465ee728b)  -> (artifact id: '2c69a38ee117082d3c6d322e3a1f7ff1') in 0.016034 seconds 
  Import took 0.025001 seconds .

========================================================================
Received Import Request.
  Time since last request: 11.827166 seconds.
  path: Assets/Prefabs/obs1 rot.prefab
  artifactKey: Guid(e24fe87ff9bb8ec43990d5c4c1a6896d) Importer(815301076,1909f56bfc062723c751e8b465ee728b)
Start importing Assets/Prefabs/obs1 rot.prefab using Guid(e24fe87ff9bb8ec43990d5c4c1a6896d) Importer(815301076,1909f56bfc062723c751e8b465ee728b)  -> (artifact id: '8f73ea83183af4e7b7d1cb062ec49fd1') in 0.010166 seconds 
  Import took 0.029116 seconds .

========================================================================
Received Import Request.
  Time since last request: 39.079142 seconds.
  path: Assets/Prefabs/obs2 rot.prefab
  artifactKey: Guid(77cdbe83d03e11f42afc32cb0446abf6) Importer(815301076,1909f56bfc062723c751e8b465ee728b)
Start importing Assets/Prefabs/obs2 rot.prefab using Guid(77cdbe83d03e11f42afc32cb0446abf6) Importer(815301076,1909f56bfc062723c751e8b465ee728b)  -> (artifact id: 'f75f44ae2226adafde2a8183edaf461e') in 0.013829 seconds 
  Import took 0.033631 seconds .

========================================================================
Received Import Request.
  Time since last request: 5.463413 seconds.
  path: Assets/Prefabs/obs2 rot.prefab
  artifactKey: Guid(77cdbe83d03e11f42afc32cb0446abf6) Importer(815301076,1909f56bfc062723c751e8b465ee728b)
Start importing Assets/Prefabs/obs2 rot.prefab using Guid(77cdbe83d03e11f42afc32cb0446abf6) Importer(815301076,1909f56bfc062723c751e8b465ee728b)  -> (artifact id: 'cd70f1e6f4e7779669bd29ce8ea50b83') in 0.010924 seconds 
  Import took 0.013601 seconds .

========================================================================
Received Import Request.
  Time since last request: 14.510105 seconds.
  path: Assets/Prefabs/obs3 rot.prefab
  artifactKey: Guid(12564f2037f8851489586107e9d4a4ad) Importer(815301076,1909f56bfc062723c751e8b465ee728b)
Start importing Assets/Prefabs/obs3 rot.prefab using Guid(12564f2037f8851489586107e9d4a4ad) Importer(815301076,1909f56bfc062723c751e8b465ee728b)  -> (artifact id: '0612986eee63dd573215c3334a82d158') in 0.014290 seconds 
  Import took 0.017435 seconds .

========================================================================
Received Import Request.
  Time since last request: 4.612833 seconds.
  path: Assets/Prefabs/obs3 rot.prefab
  artifactKey: Guid(12564f2037f8851489586107e9d4a4ad) Importer(815301076,1909f56bfc062723c751e8b465ee728b)
Start importing Assets/Prefabs/obs3 rot.prefab using Guid(12564f2037f8851489586107e9d4a4ad) Importer(815301076,1909f56bfc062723c751e8b465ee728b)  -> (artifact id: '367510ca878901b6fe246b90b9a34fed') in 0.010796 seconds 
  Import took 0.013332 seconds .

========================================================================
Received Import Request.
  Time since last request: 10.818065 seconds.
  path: Assets/Prefabs/obs4 rot.prefab
  artifactKey: Guid(4f235b956712dac4daae6ffdc0495b64) Importer(815301076,1909f56bfc062723c751e8b465ee728b)
Start importing Assets/Prefabs/obs4 rot.prefab using Guid(4f235b956712dac4daae6ffdc0495b64) Importer(815301076,1909f56bfc062723c751e8b465ee728b)  -> (artifact id: 'f40cd4b4312d8b196836536463dc0e2a') in 0.014071 seconds 
  Import took 0.042868 seconds .

========================================================================
Received Import Request.
  Time since last request: 3.995693 seconds.
  path: Assets/Prefabs/obs4 rot.prefab
  artifactKey: Guid(4f235b956712dac4daae6ffdc0495b64) Importer(815301076,1909f56bfc062723c751e8b465ee728b)
Start importing Assets/Prefabs/obs4 rot.prefab using Guid(4f235b956712dac4daae6ffdc0495b64) Importer(815301076,1909f56bfc062723c751e8b465ee728b)  -> (artifact id: 'd630046166026c4db7cab1e6ef808808') in 0.009295 seconds 
  Import took 0.011818 seconds .

========================================================================
Received Import Request.
  Time since last request: 14.047476 seconds.
  path: Assets/Prefabs/obs5 rot.prefab
  artifactKey: Guid(65ffd5cd7d36efb4ab15e3a7993d551a) Importer(815301076,1909f56bfc062723c751e8b465ee728b)
Start importing Assets/Prefabs/obs5 rot.prefab using Guid(65ffd5cd7d36efb4ab15e3a7993d551a) Importer(815301076,1909f56bfc062723c751e8b465ee728b)  -> (artifact id: '1d50e11394378cb9545047adaea53b32') in 0.014250 seconds 
  Import took 0.031908 seconds .

========================================================================
Received Import Request.
  Time since last request: 9.892378 seconds.
  path: Assets/Prefabs/obs6 rot.prefab
  artifactKey: Guid(2952f2d93250602419ff051b3e5d4844) Importer(815301076,1909f56bfc062723c751e8b465ee728b)
Start importing Assets/Prefabs/obs6 rot.prefab using Guid(2952f2d93250602419ff051b3e5d4844) Importer(815301076,1909f56bfc062723c751e8b465ee728b)  -> (artifact id: '1c23614098b39bfe76ba000614e818b9') in 0.013486 seconds 
  Import took 0.016144 seconds .

========================================================================
Received Import Request.
  Time since last request: 5.479947 seconds.
  path: Assets/Prefabs/obs6 rot.prefab
  artifactKey: Guid(2952f2d93250602419ff051b3e5d4844) Importer(815301076,1909f56bfc062723c751e8b465ee728b)
Start importing Assets/Prefabs/obs6 rot.prefab using Guid(2952f2d93250602419ff051b3e5d4844) Importer(815301076,1909f56bfc062723c751e8b465ee728b)  -> (artifact id: '73c3cb70d1b7339ebe183cf2053aff84') in 0.009618 seconds 
  Import took 0.012119 seconds .

========================================================================
Received Import Request.
  Time since last request: 92.165660 seconds.
  path: Assets/Prefabs/basic ground.prefab
  artifactKey: Guid(6f163736fe674f640bce592407b8e3ca) Importer(815301076,1909f56bfc062723c751e8b465ee728b)
Start importing Assets/Prefabs/basic ground.prefab using Guid(6f163736fe674f640bce592407b8e3ca) Importer(815301076,1909f56bfc062723c751e8b465ee728b)  -> (artifact id: '6a8ff476b310b5381f27d40ac81ad437') in 0.012335 seconds 
  Import took 0.030693 seconds .

========================================================================
Received Import Request.
  Time since last request: 1.414592 seconds.
  path: Assets/Prefabs/basic ground.prefab
  artifactKey: Guid(6f163736fe674f640bce592407b8e3ca) Importer(815301076,1909f56bfc062723c751e8b465ee728b)
Start importing Assets/Prefabs/basic ground.prefab using Guid(6f163736fe674f640bce592407b8e3ca) Importer(815301076,1909f56bfc062723c751e8b465ee728b)  -> (artifact id: '9854d1ee94e10bc4e10e1f7c53db2730') in 0.011329 seconds 
  Import took 0.013718 seconds .

========================================================================
Received Import Request.
  Time since last request: 13.737659 seconds.
  path: ProjectSettings/TagManager.asset
  artifactKey: Guid(00000000000000003000000000000000) Importer(815301076,1909f56bfc062723c751e8b465ee728b)
Start importing ProjectSettings/TagManager.asset using Guid(00000000000000003000000000000000) Importer(815301076,1909f56bfc062723c751e8b465ee728b)  -> (artifact id: '95df672b4aaba54310d34c83eef51bb8') in 0.030220 seconds 
  Import took 0.046093 seconds .

========================================================================
Received Import Request.
  Time since last request: 43.014637 seconds.
  path: Assets/Prefabs/obs1 rot.prefab
  artifactKey: Guid(e24fe87ff9bb8ec43990d5c4c1a6896d) Importer(815301076,1909f56bfc062723c751e8b465ee728b)
Start importing Assets/Prefabs/obs1 rot.prefab using Guid(e24fe87ff9bb8ec43990d5c4c1a6896d) Importer(815301076,1909f56bfc062723c751e8b465ee728b)  -> (artifact id: 'feae3e75076ed68ff0f2abc60bff772a') in 0.015776 seconds 
  Import took 0.034772 seconds .

========================================================================
Received Import Request.
  Time since last request: 18.426935 seconds.
  path: Assets/Prefabs/obs1 rot.prefab
  artifactKey: Guid(e24fe87ff9bb8ec43990d5c4c1a6896d) Importer(815301076,1909f56bfc062723c751e8b465ee728b)
Start importing Assets/Prefabs/obs1 rot.prefab using Guid(e24fe87ff9bb8ec43990d5c4c1a6896d) Importer(815301076,1909f56bfc062723c751e8b465ee728b)  -> (artifact id: 'a0badf79f619a0472f14a40df161e067') in 0.011963 seconds 
  Import took 0.014589 seconds .

========================================================================
Received Import Request.
  Time since last request: 0.000202 seconds.
  path: Assets/Prefabs/obs1.prefab
  artifactKey: Guid(c010ec58846800d3faf7571f66de9a6b) Importer(815301076,1909f56bfc062723c751e8b465ee728b)
Start importing Assets/Prefabs/obs1.prefab using Guid(c010ec58846800d3faf7571f66de9a6b) Importer(815301076,1909f56bfc062723c751e8b465ee728b)  -> (artifact id: '8fb97c970162bea1927b61ea43320cac') in 0.014389 seconds 
  Import took 0.016915 seconds .

========================================================================
Received Import Request.
  Time since last request: 15.414409 seconds.
  path: Assets/Prefabs/obs2 rot.prefab
  artifactKey: Guid(77cdbe83d03e11f42afc32cb0446abf6) Importer(815301076,1909f56bfc062723c751e8b465ee728b)
Start importing Assets/Prefabs/obs2 rot.prefab using Guid(77cdbe83d03e11f42afc32cb0446abf6) Importer(815301076,1909f56bfc062723c751e8b465ee728b)  -> (artifact id: 'bfd75b8f0d0e189bbffb7afe453f601f') in 0.011082 seconds 
  Import took 0.033979 seconds .

========================================================================
Received Import Request.
  Time since last request: 31.448298 seconds.
  path: Assets/Prefabs/obs1 rot.prefab
  artifactKey: Guid(e24fe87ff9bb8ec43990d5c4c1a6896d) Importer(815301076,1909f56bfc062723c751e8b465ee728b)
Start importing Assets/Prefabs/obs1 rot.prefab using Guid(e24fe87ff9bb8ec43990d5c4c1a6896d) Importer(815301076,1909f56bfc062723c751e8b465ee728b)  -> (artifact id: '85ebfdd2921cb98920cfb6f47ff5e84e') in 0.010564 seconds 
  Import took 0.029297 seconds .

========================================================================
Received Import Request.
  Time since last request: 0.000262 seconds.
  path: Assets/Prefabs/obs1.prefab
  artifactKey: Guid(c010ec58846800d3faf7571f66de9a6b) Importer(815301076,1909f56bfc062723c751e8b465ee728b)
Start importing Assets/Prefabs/obs1.prefab using Guid(c010ec58846800d3faf7571f66de9a6b) Importer(815301076,1909f56bfc062723c751e8b465ee728b)  -> (artifact id: '7927a4fcc71411fc50dda08339d82994') in 0.009341 seconds 
  Import took 0.011488 seconds .

========================================================================
Received Import Request.
  Time since last request: 17.510415 seconds.
  path: Assets/Prefabs/obs2 rot.prefab
  artifactKey: Guid(77cdbe83d03e11f42afc32cb0446abf6) Importer(815301076,1909f56bfc062723c751e8b465ee728b)
Start importing Assets/Prefabs/obs2 rot.prefab using Guid(77cdbe83d03e11f42afc32cb0446abf6) Importer(815301076,1909f56bfc062723c751e8b465ee728b)  -> (artifact id: '19f09a26acc762cf77031d611c01f847') in 0.012975 seconds 
  Import took 0.048515 seconds .

========================================================================
Received Import Request.
  Time since last request: 0.000245 seconds.
  path: Assets/Prefabs/obs2.prefab
  artifactKey: Guid(69fa1fd3fa0ba063882ede885d8597c7) Importer(815301076,1909f56bfc062723c751e8b465ee728b)
Start importing Assets/Prefabs/obs2.prefab using Guid(69fa1fd3fa0ba063882ede885d8597c7) Importer(815301076,1909f56bfc062723c751e8b465ee728b)  -> (artifact id: '339adb5997ff729d1fc90a0386f79fd7') in 0.013458 seconds 
  Import took 0.015546 seconds .

========================================================================
Received Import Request.
  Time since last request: 11.553291 seconds.
  path: Assets/Prefabs/obs3 rot.prefab
  artifactKey: Guid(12564f2037f8851489586107e9d4a4ad) Importer(815301076,1909f56bfc062723c751e8b465ee728b)
Start importing Assets/Prefabs/obs3 rot.prefab using Guid(12564f2037f8851489586107e9d4a4ad) Importer(815301076,1909f56bfc062723c751e8b465ee728b)  -> (artifact id: '50736a27e31f6d255c42a3797f97361f') in 0.011721 seconds 
  Import took 0.014423 seconds .

========================================================================
Received Import Request.
  Time since last request: 6.491377 seconds.
  path: Assets/Prefabs/obs3 rot.prefab
  artifactKey: Guid(12564f2037f8851489586107e9d4a4ad) Importer(815301076,1909f56bfc062723c751e8b465ee728b)
Start importing Assets/Prefabs/obs3 rot.prefab using Guid(12564f2037f8851489586107e9d4a4ad) Importer(815301076,1909f56bfc062723c751e8b465ee728b)  -> (artifact id: '2c035ec9389f276dea23e5ead54697b1') in 0.012162 seconds 
  Import took 0.014855 seconds .

========================================================================
Received Import Request.
  Time since last request: 0.000214 seconds.
  path: Assets/Prefabs/obs3.prefab
  artifactKey: Guid(07456de7dffbe87648d24bb72150a3bd) Importer(815301076,1909f56bfc062723c751e8b465ee728b)
Start importing Assets/Prefabs/obs3.prefab using Guid(07456de7dffbe87648d24bb72150a3bd) Importer(815301076,1909f56bfc062723c751e8b465ee728b)  -> (artifact id: '8cb7ee8e9702d8064f7855f07e0a9c8f') in 0.015877 seconds 
  Import took 0.028218 seconds .

========================================================================
Received Import Request.
  Time since last request: 15.984618 seconds.
  path: Assets/Prefabs/obs4 rot.prefab
  artifactKey: Guid(4f235b956712dac4daae6ffdc0495b64) Importer(815301076,1909f56bfc062723c751e8b465ee728b)
Start importing Assets/Prefabs/obs4 rot.prefab using Guid(4f235b956712dac4daae6ffdc0495b64) Importer(815301076,1909f56bfc062723c751e8b465ee728b)  -> (artifact id: '0c078b450c9a56396681a5c56b600c7f') in 0.011960 seconds 
  Import took 0.014602 seconds .

========================================================================
Received Import Request.
  Time since last request: 5.765472 seconds.
  path: Assets/Prefabs/obs4 rot.prefab
  artifactKey: Guid(4f235b956712dac4daae6ffdc0495b64) Importer(815301076,1909f56bfc062723c751e8b465ee728b)
Start importing Assets/Prefabs/obs4 rot.prefab using Guid(4f235b956712dac4daae6ffdc0495b64) Importer(815301076,1909f56bfc062723c751e8b465ee728b)  -> (artifact id: '3af563858a720192809653a6968fe864') in 0.010712 seconds 
  Import took 0.024249 seconds .

========================================================================
Received Import Request.
  Time since last request: 0.000266 seconds.
  path: Assets/Prefabs/obs4.prefab
  artifactKey: Guid(ef525f6635fea963b918674afb311c09) Importer(815301076,1909f56bfc062723c751e8b465ee728b)
Start importing Assets/Prefabs/obs4.prefab using Guid(ef525f6635fea963b918674afb311c09) Importer(815301076,1909f56bfc062723c751e8b465ee728b)  -> (artifact id: '3828609a35374a9ccc11b7779f934089') in 0.015739 seconds 
  Import took 0.017970 seconds .

========================================================================
Received Import Request.
  Time since last request: 7.266689 seconds.
  path: Assets/Prefabs/obs5 rot.prefab
  artifactKey: Guid(65ffd5cd7d36efb4ab15e3a7993d551a) Importer(815301076,1909f56bfc062723c751e8b465ee728b)
Start importing Assets/Prefabs/obs5 rot.prefab using Guid(65ffd5cd7d36efb4ab15e3a7993d551a) Importer(815301076,1909f56bfc062723c751e8b465ee728b)  -> (artifact id: '7c4a03ac5a20ff5a965c5cc6f5f6efc6') in 0.013385 seconds 
  Import took 0.015963 seconds .

========================================================================
Received Import Request.
  Time since last request: 5.268085 seconds.
  path: Assets/Prefabs/obs5 rot.prefab
  artifactKey: Guid(65ffd5cd7d36efb4ab15e3a7993d551a) Importer(815301076,1909f56bfc062723c751e8b465ee728b)
Start importing Assets/Prefabs/obs5 rot.prefab using Guid(65ffd5cd7d36efb4ab15e3a7993d551a) Importer(815301076,1909f56bfc062723c751e8b465ee728b)  -> (artifact id: '6feffbd73652c299d8ad7f4ab00b2575') in 0.009490 seconds 
  Import took 0.012102 seconds .

========================================================================
Received Import Request.
  Time since last request: 0.000200 seconds.
  path: Assets/Prefabs/obs5.prefab
  artifactKey: Guid(38c9eb40e25645366a405a363c065c86) Importer(815301076,1909f56bfc062723c751e8b465ee728b)
Start importing Assets/Prefabs/obs5.prefab using Guid(38c9eb40e25645366a405a363c065c86) Importer(815301076,1909f56bfc062723c751e8b465ee728b)  -> (artifact id: '675e509b9d2df6f820ab5c44526a0865') in 0.013675 seconds 
  Import took 0.015964 seconds .

========================================================================
Received Import Request.
  Time since last request: 63.908356 seconds.
  path: Assets/Prefabs/obs6 rot.prefab
  artifactKey: Guid(2952f2d93250602419ff051b3e5d4844) Importer(815301076,1909f56bfc062723c751e8b465ee728b)
Start importing Assets/Prefabs/obs6 rot.prefab using Guid(2952f2d93250602419ff051b3e5d4844) Importer(815301076,1909f56bfc062723c751e8b465ee728b)  -> (artifact id: '27f233682eefdb7d8e8f9005ff80fc77') in 0.016531 seconds 
  Import took 0.033136 seconds .

========================================================================
Received Import Request.
  Time since last request: 0.000339 seconds.
  path: Assets/Prefabs/obs6.prefab
  artifactKey: Guid(fd8e30644371392b48f114944842c41d) Importer(815301076,1909f56bfc062723c751e8b465ee728b)
Start importing Assets/Prefabs/obs6.prefab using Guid(fd8e30644371392b48f114944842c41d) Importer(815301076,1909f56bfc062723c751e8b465ee728b)  -> (artifact id: 'b3e0091ce1c8ab116fb525e7685deb76') in 0.016983 seconds 
  Import took 0.020082 seconds .

========================================================================
Received Import Request.
  Time since last request: 22.977042 seconds.
  path: Assets/Prefabs/obs6 rot.prefab
  artifactKey: Guid(2952f2d93250602419ff051b3e5d4844) Importer(815301076,1909f56bfc062723c751e8b465ee728b)
Start importing Assets/Prefabs/obs6 rot.prefab using Guid(2952f2d93250602419ff051b3e5d4844) Importer(815301076,1909f56bfc062723c751e8b465ee728b)  -> (artifact id: 'eb18a54e0fd25e3ad2ddf83a5f1217f5') in 0.009518 seconds 
  Import took 0.012296 seconds .

========================================================================
Received Import Request.
  Time since last request: 8.685932 seconds.
  path: Assets/Prefabs/obs6 rot.prefab
  artifactKey: Guid(2952f2d93250602419ff051b3e5d4844) Importer(815301076,1909f56bfc062723c751e8b465ee728b)
Start importing Assets/Prefabs/obs6 rot.prefab using Guid(2952f2d93250602419ff051b3e5d4844) Importer(815301076,1909f56bfc062723c751e8b465ee728b)  -> (artifact id: '2174a2ccb38a59448982f4a6ab649195') in 0.010718 seconds 
  Import took 0.057163 seconds .

========================================================================
Received Import Request.
  Time since last request: 0.000189 seconds.
  path: Assets/Prefabs/obs6.prefab
  artifactKey: Guid(fd8e30644371392b48f114944842c41d) Importer(815301076,1909f56bfc062723c751e8b465ee728b)
Start importing Assets/Prefabs/obs6.prefab using Guid(fd8e30644371392b48f114944842c41d) Importer(815301076,1909f56bfc062723c751e8b465ee728b)  -> (artifact id: '22fc5a2bdb1d7262a5b31117bdd2e5ab') in 0.010649 seconds 
  Import took 0.013181 seconds .

========================================================================
Received Import Request.
  Time since last request: 4.843945 seconds.
  path: Assets/Prefabs/obs7 rot.prefab
  artifactKey: Guid(1151aeafcf997b24e90dbcdd8a036f5b) Importer(815301076,1909f56bfc062723c751e8b465ee728b)
Start importing Assets/Prefabs/obs7 rot.prefab using Guid(1151aeafcf997b24e90dbcdd8a036f5b) Importer(815301076,1909f56bfc062723c751e8b465ee728b)  -> (artifact id: 'fd6b66a113d19c7e672caf2f90d70313') in 0.010440 seconds 
  Import took 0.012999 seconds .

========================================================================
Received Import Request.
  Time since last request: 5.093598 seconds.
  path: Assets/Prefabs/obs7.prefab
  artifactKey: Guid(d8e2f675755dbb64b80af0a5f6f2c902) Importer(815301076,1909f56bfc062723c751e8b465ee728b)
Start importing Assets/Prefabs/obs7.prefab using Guid(d8e2f675755dbb64b80af0a5f6f2c902) Importer(815301076,1909f56bfc062723c751e8b465ee728b)  -> (artifact id: '923cbebf372a668327d59e8da0225a33') in 0.010749 seconds 
  Import took 0.013216 seconds .

========================================================================
Received Import Request.
  Time since last request: 1.006794 seconds.
  path: Assets/Prefabs/obs7.prefab
  artifactKey: Guid(d8e2f675755dbb64b80af0a5f6f2c902) Importer(815301076,1909f56bfc062723c751e8b465ee728b)
Start importing Assets/Prefabs/obs7.prefab using Guid(d8e2f675755dbb64b80af0a5f6f2c902) Importer(815301076,1909f56bfc062723c751e8b465ee728b)  -> (artifact id: 'ce633b82f3b1fb1c73995af763f32d1f') in 0.009059 seconds 
  Import took 0.023338 seconds .

========================================================================
Received Import Request.
  Time since last request: 4.113858 seconds.
  path: Assets/Prefabs/obs7.prefab
  artifactKey: Guid(d8e2f675755dbb64b80af0a5f6f2c902) Importer(815301076,1909f56bfc062723c751e8b465ee728b)
Start importing Assets/Prefabs/obs7.prefab using Guid(d8e2f675755dbb64b80af0a5f6f2c902) Importer(815301076,1909f56bfc062723c751e8b465ee728b)  -> (artifact id: '682792c2d2f39fc51b450fd073858e33') in 0.008573 seconds 
  Import took 0.011037 seconds .

========================================================================
Received Import Request.
  Time since last request: 1.892850 seconds.
  path: Assets/Prefabs/obs7.prefab
  artifactKey: Guid(d8e2f675755dbb64b80af0a5f6f2c902) Importer(815301076,1909f56bfc062723c751e8b465ee728b)
Start importing Assets/Prefabs/obs7.prefab using Guid(d8e2f675755dbb64b80af0a5f6f2c902) Importer(815301076,1909f56bfc062723c751e8b465ee728b)  -> (artifact id: 'b11e6a65f6063a5e7bc11c8ad5bbf7e5') in 0.008861 seconds 
  Import took 0.011318 seconds .

========================================================================
Received Import Request.
  Time since last request: 1.434109 seconds.
  path: Assets/Prefabs/obs7.prefab
  artifactKey: Guid(d8e2f675755dbb64b80af0a5f6f2c902) Importer(815301076,1909f56bfc062723c751e8b465ee728b)
Start importing Assets/Prefabs/obs7.prefab using Guid(d8e2f675755dbb64b80af0a5f6f2c902) Importer(815301076,1909f56bfc062723c751e8b465ee728b)  -> (artifact id: '4da9a663683b0661cbbb18b87077ed84') in 0.008662 seconds 
  Import took 0.011270 seconds .

========================================================================
Received Import Request.
  Time since last request: 4.880303 seconds.
  path: Assets/Prefabs/obs7.prefab
  artifactKey: Guid(d8e2f675755dbb64b80af0a5f6f2c902) Importer(815301076,1909f56bfc062723c751e8b465ee728b)
Start importing Assets/Prefabs/obs7.prefab using Guid(d8e2f675755dbb64b80af0a5f6f2c902) Importer(815301076,1909f56bfc062723c751e8b465ee728b)  -> (artifact id: 'a833b0e70c5613e3724b490c69c35d9a') in 0.011582 seconds 
  Import took 0.013994 seconds .

